<?xml version="1.0" encoding="UTF-8"?>
<!-- Generated by org.testng.reporters.JUnitXMLReporter -->
<testsuite hostname="DESKTOP-8N8BD9R" ignored="4" name="Test" tests="3" failures="0" timestamp="07 Feb 2020 00:57:03 GMT" time="93.204" errors="0">
  <testcase name="sign_in" time="9.922" classname="com.leafBot.testcases.TC001_SignIN"/>
  <testcase name="select_devices" time="3.695" classname="com.leafBot.testcases.TC002_select_devices"/>
  <testcase name="hover" time="10.538" classname="com.leafBot.testcases.TC003_hovering"/>
  <testcase name="@AfterSuite stopReport" time="0.0" classname="utils.Reporter">
    <ignored/>
  </testcase> <!-- @AfterSuite stopReport -->
  <testcase name="@AfterSuite stopReport" time="0.0" classname="utils.Reporter">
    <ignored/>
  </testcase> <!-- @AfterSuite stopReport -->
  <testcase name="@BeforeSuite startReport" time="0.0" classname="utils.Reporter">
    <ignored/>
  </testcase> <!-- @BeforeSuite startReport -->
  <testcase name="@BeforeSuite startReport" time="0.0" classname="utils.Reporter">
    <ignored/>
  </testcase> <!-- @BeforeSuite startReport -->
</testsuite> <!-- Test -->
