<?xml version="1.0" encoding="UTF-8"?>
<testng-results skipped="0" failed="1" ignored="0" total="1" passed="0">
  <reporter-output>
  </reporter-output>
  <suite name="Suite" duration-ms="25763" started-at="2020-02-25T20:47:32 IST" finished-at="2020-02-25T20:47:58 IST">
    <groups>
    </groups>
    <test name="Test" duration-ms="25763" started-at="2020-02-25T20:47:32 IST" finished-at="2020-02-25T20:47:58 IST">
      <class name="com.leafBot.testcases.TC_002">
        <test-method status="PASS" signature="beforeMethod()[pri:0, instance:com.leafBot.testcases.TC_002@4923ab24]" name="beforeMethod" is-config="true" duration-ms="25710" started-at="2020-02-25T20:47:32 IST" finished-at="2020-02-25T20:47:58 IST">
          <reporter-output>
          </reporter-output>
        </test-method> <!-- beforeMethod -->
        <test-method status="FAIL" signature="navigate_to_elements()[pri:0, instance:com.leafBot.testcases.TC_002@4923ab24]" name="navigate_to_elements" duration-ms="24" started-at="2020-02-25T20:47:58 IST" finished-at="2020-02-25T20:47:58 IST">
          <exception class="org.openqa.selenium.WebDriverException">
            <message>
              <![CDATA[An unknown server-side error occurred while processing the command. Original error: Could not proxy command to remote server. Original error: Error: socket hang up
Build info: version: '3.141.59', revision: 'e82be7d358', time: '2018-11-14T08:17:03'
System info: host: 'DESKTOP-8N8BD9R', ip: '192.168.1.5', os.name: 'Windows 10', os.arch: 'amd64', os.version: '10.0', java.version: '1.8.0_231'
Driver info: io.appium.java_client.android.AndroidDriver
Capabilities {appActivity: com.amazon.avod.thirdpartyc..., appPackage: com.amazon.avod.thirdpartyc..., automationName: UiAutomator2, databaseEnabled: false, desired: {appActivity: com.amazon.avod.thirdpartyc..., appPackage: com.amazon.avod.thirdpartyc..., automationName: UiAutomator2, deviceName: honor, noReset: true, platformName: android}, deviceApiLevel: 28, deviceManufacturer: HUAWEI, deviceModel: COR-AL00, deviceName: CRV7N18830000297, deviceScreenDensity: 480, deviceScreenSize: 1080x2340, deviceUDID: CRV7N18830000297, javascriptEnabled: true, locationContextEnabled: false, networkConnectionEnabled: true, noReset: true, pixelRatio: 3, platform: LINUX, platformName: Android, platformVersion: 9, statBarHeight: 90, takesScreenshot: true, viewportRect: {height: 2038, left: 0, top: 90, width: 1080}, warnings: {}, webStorageEnabled: false}
Session ID: f29537b6-96ad-4801-b8e2-dd96eaf75714
*** Element info: {Using=xpath, value=//android.widget.ImageView[contains(@resource-id,'com.amazon.avod.thirdpartyclient:id/icon')]}]]>
            </message>
            <full-stacktrace>
              <![CDATA[org.openqa.selenium.WebDriverException: An unknown server-side error occurred while processing the command. Original error: Could not proxy command to remote server. Original error: Error: socket hang up
Build info: version: '3.141.59', revision: 'e82be7d358', time: '2018-11-14T08:17:03'
System info: host: 'DESKTOP-8N8BD9R', ip: '192.168.1.5', os.name: 'Windows 10', os.arch: 'amd64', os.version: '10.0', java.version: '1.8.0_231'
Driver info: io.appium.java_client.android.AndroidDriver
Capabilities {appActivity: com.amazon.avod.thirdpartyc..., appPackage: com.amazon.avod.thirdpartyc..., automationName: UiAutomator2, databaseEnabled: false, desired: {appActivity: com.amazon.avod.thirdpartyc..., appPackage: com.amazon.avod.thirdpartyc..., automationName: UiAutomator2, deviceName: honor, noReset: true, platformName: android}, deviceApiLevel: 28, deviceManufacturer: HUAWEI, deviceModel: COR-AL00, deviceName: CRV7N18830000297, deviceScreenDensity: 480, deviceScreenSize: 1080x2340, deviceUDID: CRV7N18830000297, javascriptEnabled: true, locationContextEnabled: false, networkConnectionEnabled: true, noReset: true, pixelRatio: 3, platform: LINUX, platformName: Android, platformVersion: 9, statBarHeight: 90, takesScreenshot: true, viewportRect: {height: 2038, left: 0, top: 90, width: 1080}, warnings: {}, webStorageEnabled: false}
Session ID: f29537b6-96ad-4801-b8e2-dd96eaf75714
*** Element info: {Using=xpath, value=//android.widget.ImageView[contains(@resource-id,'com.amazon.avod.thirdpartyclient:id/icon')]}
at sun.reflect.NativeConstructorAccessorImpl.newInstance0(Native Method)
at sun.reflect.NativeConstructorAccessorImpl.newInstance(Unknown Source)
at sun.reflect.DelegatingConstructorAccessorImpl.newInstance(Unknown Source)
at java.lang.reflect.Constructor.newInstance(Unknown Source)
at org.openqa.selenium.remote.http.W3CHttpResponseCodec.createException(W3CHttpResponseCodec.java:187)
at org.openqa.selenium.remote.http.W3CHttpResponseCodec.decode(W3CHttpResponseCodec.java:122)
at org.openqa.selenium.remote.http.W3CHttpResponseCodec.decode(W3CHttpResponseCodec.java:49)
at org.openqa.selenium.remote.HttpCommandExecutor.execute(HttpCommandExecutor.java:158)
at io.appium.java_client.remote.AppiumCommandExecutor.execute(AppiumCommandExecutor.java:239)
at org.openqa.selenium.remote.RemoteWebDriver.execute(RemoteWebDriver.java:552)
at io.appium.java_client.DefaultGenericMobileDriver.execute(DefaultGenericMobileDriver.java:41)
at io.appium.java_client.AppiumDriver.execute(AppiumDriver.java:1)
at io.appium.java_client.android.AndroidDriver.execute(AndroidDriver.java:1)
at org.openqa.selenium.remote.RemoteWebDriver.findElements(RemoteWebDriver.java:353)
at io.appium.java_client.DefaultGenericMobileDriver.findElements(DefaultGenericMobileDriver.java:53)
at io.appium.java_client.AppiumDriver.findElements(AppiumDriver.java:178)
at org.openqa.selenium.remote.RemoteWebDriver.findElementsByXPath(RemoteWebDriver.java:432)
at io.appium.java_client.DefaultGenericMobileDriver.findElementsByXPath(DefaultGenericMobileDriver.java:155)
at io.appium.java_client.AppiumDriver.findElementsByXPath(AppiumDriver.java:211)
at com.leafBot.pages.AppHomePage.icons_click(AppHomePage.java:47)
at com.leafBot.testcases.TC_002.navigate_to_elements(TC_002.java:13)
at sun.reflect.NativeMethodAccessorImpl.invoke0(Native Method)
at sun.reflect.NativeMethodAccessorImpl.invoke(Unknown Source)
at sun.reflect.DelegatingMethodAccessorImpl.invoke(Unknown Source)
at java.lang.reflect.Method.invoke(Unknown Source)
at org.testng.internal.MethodInvocationHelper.invokeMethod(MethodInvocationHelper.java:134)
at org.testng.internal.TestInvoker.invokeMethod(TestInvoker.java:597)
at org.testng.internal.TestInvoker.invokeTestMethod(TestInvoker.java:173)
at org.testng.internal.MethodRunner.runInSequence(MethodRunner.java:46)
at org.testng.internal.TestInvoker$MethodInvocationAgent.invoke(TestInvoker.java:816)
at org.testng.internal.TestInvoker.invokeTestMethods(TestInvoker.java:146)
at org.testng.internal.TestMethodWorker.invokeTestMethods(TestMethodWorker.java:146)
at org.testng.internal.TestMethodWorker.run(TestMethodWorker.java:128)
at java.util.ArrayList.forEach(Unknown Source)
at org.testng.TestRunner.privateRun(TestRunner.java:766)
at org.testng.TestRunner.run(TestRunner.java:587)
at org.testng.SuiteRunner.runTest(SuiteRunner.java:384)
at org.testng.SuiteRunner.runSequentially(SuiteRunner.java:378)
at org.testng.SuiteRunner.privateRun(SuiteRunner.java:337)
at org.testng.SuiteRunner.run(SuiteRunner.java:286)
at org.testng.SuiteRunnerWorker.runSuite(SuiteRunnerWorker.java:53)
at org.testng.SuiteRunnerWorker.run(SuiteRunnerWorker.java:96)
at org.testng.TestNG.runSuitesSequentially(TestNG.java:1187)
at org.testng.TestNG.runSuitesLocally(TestNG.java:1109)
at org.testng.TestNG.runSuites(TestNG.java:1039)
at org.testng.TestNG.run(TestNG.java:1007)
at org.testng.remote.AbstractRemoteTestNG.run(AbstractRemoteTestNG.java:115)
at org.testng.remote.RemoteTestNG.initAndRun(RemoteTestNG.java:251)
at org.testng.remote.RemoteTestNG.main(RemoteTestNG.java:77)
]]>
            </full-stacktrace>
          </exception> <!-- org.openqa.selenium.WebDriverException -->
          <reporter-output>
          </reporter-output>
        </test-method> <!-- navigate_to_elements -->
      </class> <!-- com.leafBot.testcases.TC_002 -->
    </test> <!-- Test -->
  </suite> <!-- Suite -->
</testng-results>
